<?xml version="1.0" encoding="UTF-8"?>
<!-- Generated by org.testng.reporters.JUnitReportReporter -->
<testsuite skipped="0" hostname="Kiran" name="com.gcr.qa.testcases.myaccounttest" tests="1" failures="0" timestamp="21 Feb 2019 14:19:47 GMT" time="10.607" errors="0">
  <testcase name="verifubodytitleofmyaccountpage" time="10.607" classname="com.gcr.qa.testcases.myaccounttest"/>
</testsuite> <!-- com.gcr.qa.testcases.myaccounttest -->
