<?xml version="1.0" encoding="UTF-8"?>
<!-- Generated by org.testng.reporters.JUnitReportReporter -->
<testsuite skipped="0" hostname="Kiran" name="com.gcr.qa.testcases.homepagetest" tests="5" failures="0" timestamp="15 Mar 2019 12:47:49 GMT" time="49.014" errors="0">
  <testcase name="gcrshoptitle" time="8.706" classname="com.gcr.qa.testcases.homepagetest"/>
  <testcase name="clickonmyaccountbtn" time="10.239" classname="com.gcr.qa.testcases.homepagetest"/>
  <testcase name="checkoutbtn" time="10.049" classname="com.gcr.qa.testcases.homepagetest"/>
  <testcase name="logoffbtn" time="9.688" classname="com.gcr.qa.testcases.homepagetest"/>
  <testcase name="gcrshopptitle" time="10.332" classname="com.gcr.qa.testcases.homepagetest"/>
</testsuite> <!-- com.gcr.qa.testcases.homepagetest -->
